number,value,datetime_start,datetime_complete,duration,params_bagging_temperature,params_border_count,params_class_weight_pos,params_depth,params_iterations,params_l2_leaf_reg,params_learning_rate,params_random_strength,state
0,0.2779171549244368,2026-04-20 10:53:42.845543,2026-04-20 10:54:15.468442,0 days 00:00:32.622899,0.15601864044243652,45,4.531616510212273,9,687,6.387926357773329,0.2536999076681772,0.3119890406724053,COMPLETE
1,0.28394128233620947,2026-04-20 10:54:15.469420,2026-04-20 10:54:27.510170,0 days 00:00:12.040750,0.8324426408004217,72,2.1419157844870185,4,982,9.72918866945795,0.11114989443094977,0.4246782213565523,COMPLETE
2,0.2801066756818874,2026-04-20 10:54:27.510170,2026-04-20 10:54:41.692205,0 days 00:00:14.182035,0.6118528947223795,97,2.7822664515279207,7,595,3.6210622617823773,0.05958389350068958,0.27898772130408367,COMPLETE
3,0.27539485343509346,2026-04-20 10:54:41.693203,2026-04-20 10:54:52.125650,0 days 00:00:10.432447,0.5924145688620425,168,2.0968344329055206,5,793,5.628109945722504,0.14447746112718687,0.09290082543999545,COMPLETE
4,0.2785945236141067,2026-04-20 10:54:52.125650,2026-04-20 10:55:01.325019,0 days 00:00:09.199369,0.3046137691733707,185,3.0405337280886044,10,284,8.275576133048151,0.2521267904777921,0.19534422801276774,COMPLETE
5,0.2762070008405872,2026-04-20 10:55:01.325019,2026-04-20 10:55:06.000397,0 days 00:00:04.675378,0.2587799816000169,101,3.320238074122338,4,358,9.18388361870904,0.05388108577817234,1.325044568707964,COMPLETE
6,0.2796869127932962,2026-04-20 10:55:06.000397,2026-04-20 10:57:56.465381,0 days 00:02:50.464984,0.9394989415641891,165,4.726559822580909,10,911,7.976195410250031,0.01875220945578641,1.7896547008552977,COMPLETE
7,0.2785820442447654,2026-04-20 10:57:56.465381,2026-04-20 10:58:01.244747,0 days 00:00:04.779366,0.388677289689482,217,2.748636643427562,4,315,3.927972976869379,0.01947558230629543,0.5426980635477918,COMPLETE
8,0.27723539137604325,2026-04-20 10:58:01.244747,2026-04-20 10:58:12.792430,0 days 00:00:11.547683,0.07455064367977082,204,2.1955048853696035,4,565,8.219772826786357,0.06333268775321843,1.9737738732010346,COMPLETE
9,0.28111642527977987,2026-04-20 10:58:12.792430,2026-04-20 10:58:18.412720,0 days 00:00:05.620290,0.7712703466859457,112,1.905541708337954,8,207,7.561064512368886,0.1601531217136121,0.14808930346818072,COMPLETE
10,0.28141962957952965,2026-04-20 10:58:18.412720,2026-04-20 10:58:54.731231,0 days 00:00:36.318511,0.9826637395249174,35,1.5430764171253628,6,1358,1.1616568805333802,0.010206070557577008,0.844982128840553,COMPLETE
11,0.2823734265243815,2026-04-20 10:58:54.731231,2026-04-20 10:59:31.661325,0 days 00:00:36.930094,0.9738227608633709,35,1.5382317184460006,6,1346,1.1546753524206295,0.010233524192808546,0.8369681264158839,COMPLETE
12,0.27395431368161194,2026-04-20 10:59:31.661325,2026-04-20 10:59:43.125999,0 days 00:00:11.464674,0.793668203207264,63,3.784384200787433,6,1257,1.0591066798339805,0.09279453843446861,0.8084637369992701,COMPLETE
13,0.2748098709623942,2026-04-20 10:59:43.125999,2026-04-20 11:00:13.352973,0 days 00:00:30.226974,0.798248970572815,255,1.508588736359873,6,1112,9.964148785726916,0.02167320546577478,1.3217114505845733,COMPLETE
14,0.28444613342240643,2026-04-20 11:00:13.352973,2026-04-20 11:00:25.385366,0 days 00:00:12.032393,0.8856957622286556,73,2.426768065306062,5,1043,3.015763533142166,0.03498935820472346,0.6068926017771159,COMPLETE
15,0.28410580453449247,2026-04-20 11:00:25.385366,2026-04-20 11:00:36.436580,0 days 00:00:11.051214,0.6983502747830966,75,2.5076825481277245,5,1021,3.648174403986095,0.03395188203177683,0.5087270934820076,COMPLETE
16,0.2753625178499418,2026-04-20 11:00:36.436580,2026-04-20 11:00:50.673969,0 days 00:00:14.237389,0.6092599562105124,128,3.5717195060179208,5,1131,2.962925010499263,0.03305522462432077,0.5703860523705233,COMPLETE
17,0.28023501344113305,2026-04-20 11:00:50.673969,2026-04-20 11:01:00.401383,0 days 00:00:09.727414,0.4934341887942991,82,2.609817861634805,5,1123,2.533039554654334,0.033813913459988645,1.1709889449204678,COMPLETE
18,0.28398919782042814,2026-04-20 11:01:00.401383,2026-04-20 11:01:25.399717,0 days 00:00:24.998334,0.6962145868953225,135,3.9212219930287944,7,1458,4.5222474977646385,0.03345337925727211,0.6406794705158341,COMPLETE
19,0.28093785586668857,2026-04-20 11:01:25.399717,2026-04-20 11:01:49.473685,0 days 00:00:24.073968,0.49652458183706094,61,2.413995268100248,8,984,2.377659785395352,0.042541692526052555,1.0954713471618611,COMPLETE
20,0.27844294955143717,2026-04-20 11:01:49.473685,2026-04-20 11:02:03.000943,0 days 00:00:13.527258,0.8676943670055313,116,3.034792230391518,5,788,4.89717504983326,0.025342408734938107,0.704532960146296,COMPLETE
21,0.2725580764404713,2026-04-20 11:02:03.000943,2026-04-20 11:02:40.144437,0 days 00:00:37.143494,0.7046828398027859,136,4.108622045873048,7,1493,4.530930460673909,0.014786480037975483,0.5722843217834634,COMPLETE
22,0.2755342327080081,2026-04-20 11:02:40.144437,2026-04-20 11:03:19.616229,0 days 00:00:39.471792,0.6846114912437019,85,4.032862938473845,8,1233,6.156095800767206,0.03174225372239967,0.9968019761659691,COMPLETE
23,0.27938126271932673,2026-04-20 11:03:19.616229,2026-04-20 11:03:39.226287,0 days 00:00:19.610058,0.6896845368592536,155,3.3650935239310535,7,1484,3.579878391617043,0.04356366016887205,0.4175241522666071,COMPLETE
24,0.2812676428513082,2026-04-20 11:03:39.226287,2026-04-20 11:03:50.950160,0 days 00:00:11.723873,0.8918623396484477,60,4.204711119431289,5,996,2.1997768613945587,0.07066691050534309,0.714276153459398,COMPLETE
25,0.27432996808139853,2026-04-20 11:03:50.950160,2026-04-20 11:04:12.985634,0 days 00:00:22.035474,0.7157083113195545,126,4.997947229306899,7,1207,4.731325809354438,0.04282575168561231,0.9775768422081061,COMPLETE
26,0.27753718161910973,2026-04-20 11:04:12.985634,2026-04-20 11:04:58.018928,0 days 00:00:45.033294,0.5497063237823474,95,3.045666183989589,9,876,4.136534748708535,0.028003523275681175,0.4147560038442034,COMPLETE
27,0.27883275515800043,2026-04-20 11:04:58.018928,2026-04-20 11:05:11.659997,0 days 00:00:13.641069,0.4023358174394099,144,2.4557180437672925,6,1366,2.9793568893514957,0.015216251287478466,0.027795116358033445,COMPLETE
28,0.27555137534322793,2026-04-20 11:05:11.659997,2026-04-20 11:05:23.537388,0 days 00:00:11.877391,0.8935282938342634,76,1.8515894895072427,5,1036,5.366183958723672,0.08602976873745599,0.6697471001220211,COMPLETE
29,0.27962692746239026,2026-04-20 11:05:23.537388,2026-04-20 11:05:40.262570,0 days 00:00:16.725182,0.7465383137066037,111,4.3341751873844965,6,665,6.885256070537128,0.047686173508184,0.31107382461066135,COMPLETE
30,0.27644136812549647,2026-04-20 11:05:40.262570,2026-04-20 11:05:47.424327,0 days 00:00:07.161757,0.6403486534652976,45,3.749035959283063,9,466,1.800728841595783,0.0361888413354824,0.4889661249446479,COMPLETE
31,0.2752631087811438,2026-04-20 11:05:47.424327,2026-04-20 11:05:57.461193,0 days 00:00:10.036866,0.8410068913692845,71,2.2591337664374493,4,933,3.441731835499988,0.10996487976834195,0.37529647360776186,COMPLETE
32,0.28821125381678075,2026-04-20 11:05:57.461193,2026-04-20 11:06:07.586597,0 days 00:00:10.125404,0.828308758930784,49,1.8814596909182377,4,780,6.402170482762474,0.22244160373768265,0.27606269832787406,COMPLETE
33,0.28255983855896194,2026-04-20 11:06:07.586597,2026-04-20 11:06:17.348450,0 days 00:00:09.761853,0.8348240875970868,54,1.8469710114968945,4,711,6.481586972481115,0.2917671536374928,0.24426922520818073,COMPLETE
34,0.28318932748511205,2026-04-20 11:06:17.348450,2026-04-20 11:06:37.697655,0 days 00:00:20.349205,0.902012454573334,91,1.9719250125054415,5,822,5.439021397418749,0.02425616277371497,0.5964903787292068,COMPLETE
35,0.28101026332815937,2026-04-20 11:06:37.697655,2026-04-20 11:06:46.605333,0 days 00:00:08.907678,0.6617903322378895,46,2.8259321562538617,4,718,4.220856327028994,0.21521805538160393,0.010917150754626403,COMPLETE
36,0.2799988028481491,2026-04-20 11:06:46.605333,2026-04-20 11:06:56.213996,0 days 00:00:09.608663,0.7414542282928229,76,2.477537087759896,5,1066,3.150205007484689,0.1430619939481504,0.31627777478100594,COMPLETE
37,0.2783322570111584,2026-04-20 11:06:56.213996,2026-04-20 11:07:09.963574,0 days 00:00:13.749578,0.5568221452704126,183,2.0731816344064407,4,561,6.046151662384507,0.054318390527980404,0.17323445852865668,COMPLETE
38,0.2805581020614934,2026-04-20 11:07:09.963574,2026-04-20 11:07:21.035154,0 days 00:00:11.071580,0.9426773191465174,48,2.295857991004252,5,782,5.0885805141332545,0.07288614545826884,0.7289211905768507,COMPLETE
39,0.27659833806160605,2026-04-20 11:07:21.035154,2026-04-20 11:07:31.883663,0 days 00:00:10.848509,0.806680904203424,97,1.7002736874525723,8,488,6.9274257514512705,0.015144672008329436,0.459538287215667,COMPLETE
40,0.2784599932492204,2026-04-20 11:07:31.883663,2026-04-20 11:07:41.705567,0 days 00:00:09.821904,0.19663583027249681,105,2.700032180173053,4,915,9.300180114087812,0.02791510670448759,0.2648412185907348,COMPLETE
41,0.2823031487400982,2026-04-20 11:07:41.705567,2026-04-20 11:07:51.744495,0 days 00:00:10.038928,0.9286240569299713,64,2.058846647072348,4,872,3.8362073539186508,0.15830920210684035,0.5292450160997219,COMPLETE
42,0.276738487557593,2026-04-20 11:07:51.744495,2026-04-20 11:08:00.983538,0 days 00:00:09.239043,0.8397585500946141,34,2.891726109537812,4,988,4.426150278426469,0.1941126693571962,0.3727318585506065,COMPLETE
43,0.27680801976406044,2026-04-20 11:08:00.983538,2026-04-20 11:09:07.637880,0 days 00:01:06.654342,0.7662593493183405,74,1.6992270137922678,10,1181,8.565920149390399,0.12488453702836452,0.8999701276691695,COMPLETE
44,0.2801360699684733,2026-04-20 11:09:07.637880,2026-04-20 11:09:17.376004,0 days 00:00:09.738124,0.0014500117927535028,232,2.183963676349399,4,641,7.513618698493122,0.21075580349978065,0.10761903876834988,COMPLETE
45,0.2773340133171122,2026-04-20 11:09:17.377010,2026-04-20 11:09:29.704080,0 days 00:00:12.327070,0.42657977956829585,85,2.5562256603707407,6,1267,9.992502904711587,0.037674273881246695,0.7823684776619468,COMPLETE
46,0.27980060130467066,2026-04-20 11:09:29.704080,2026-04-20 11:09:41.475609,0 days 00:00:11.771529,0.9903950050620113,51,3.2139874186159796,5,1075,1.6423302944318041,0.05873950283820089,0.6203528597839284,COMPLETE
47,0.2818828118733043,2026-04-20 11:09:41.475609,2026-04-20 11:09:53.060270,0 days 00:00:11.584661,0.6294323829819741,176,2.355567946300111,5,1413,9.214425555402164,0.08564718921836138,1.7100532456914872,COMPLETE
48,0.27685009747705835,2026-04-20 11:09:53.060270,2026-04-20 11:10:14.594330,0 days 00:00:21.534060,0.5691145825223702,195,4.591612728976077,4,958,5.754964986233023,0.019906986669212774,0.3387606082797677,COMPLETE
49,0.27851087759016213,2026-04-20 11:10:14.594330,2026-04-20 11:10:28.945232,0 days 00:00:14.350902,0.8070386785231912,160,3.46587558346841,6,764,2.683448165091177,0.049931435248046455,0.4786018706267332,COMPLETE
50,0.2811297537035381,2026-04-20 11:10:28.945232,2026-04-20 11:10:38.560550,0 days 00:00:09.615318,0.9463450509699015,42,1.7456602198570335,5,1154,3.2632467985805,0.2877083404622371,0.18685671241986285,COMPLETE
51,0.2804580478107284,2026-04-20 11:10:38.560550,2026-04-20 11:10:59.335508,0 days 00:00:20.774958,0.8898973229608176,89,1.9937041042007857,5,860,5.429011809255771,0.023779430412599705,0.6225954852238762,COMPLETE
52,0.2786571891495447,2026-04-20 11:10:59.335508,2026-04-20 11:11:18.545728,0 days 00:00:19.210220,0.8612207912201404,69,1.950013046367772,6,822,3.9281395549977667,0.027666824570428593,0.5882692460171753,COMPLETE
53,0.27959961249768794,2026-04-20 11:11:18.545728,2026-04-20 11:11:39.473512,0 days 00:00:20.927784,0.9110766996861503,123,2.1594521984091792,5,1013,5.118462029642273,0.01711245786178917,0.8893062596665336,COMPLETE
54,0.27606675567805383,2026-04-20 11:11:39.473512,2026-04-20 11:11:48.507222,0 days 00:00:09.033710,0.7821463786196436,93,2.6156415612730815,4,749,8.53370179762556,0.03972428966010246,0.7690770861213427,COMPLETE
55,0.2782918777355718,2026-04-20 11:11:48.507222,2026-04-20 11:12:03.515540,0 days 00:00:15.008318,0.7307967681752878,59,3.911952734878503,5,827,5.737814600608283,0.03156321916422155,0.5257484095051774,COMPLETE
56,0.27619026265387053,2026-04-20 11:12:03.515540,2026-04-20 11:12:28.650167,0 days 00:00:25.134627,0.9566717709664566,105,1.644775178522462,6,1295,7.498092183877985,0.02211738959327083,1.1449508096222807,COMPLETE
57,0.2853784678951012,2026-04-20 11:12:28.650167,2026-04-20 11:12:38.351101,0 days 00:00:09.700934,0.8223885836463358,82,1.8749293701433536,4,623,3.6953669645881266,0.10269644200102837,0.6709242691547296,COMPLETE
58,0.27958533796546786,2026-04-20 11:12:38.351101,2026-04-20 11:12:47.885190,0 days 00:00:09.534089,0.6711817033986228,81,2.3365724542030746,4,611,2.804999934289514,0.10528285364972194,0.658200223654051,COMPLETE
59,0.2771016826452211,2026-04-20 11:12:47.885190,2026-04-20 11:12:53.629370,0 days 00:00:05.744180,0.8197573358699232,148,1.779854909178914,7,390,3.805810710184684,0.06572362420766303,0.40886560050622944,COMPLETE
60,0.27972223303570953,2026-04-20 11:12:53.631379,2026-04-20 11:13:02.313001,0 days 00:00:08.681622,0.7709554155689575,65,2.9342849826513557,4,1080,4.680478818399666,0.17147925006298861,1.3018849916165836,COMPLETE
61,0.28082230651983836,2026-04-20 11:13:02.314000,2026-04-20 11:13:29.722437,0 days 00:00:27.408437,0.8750831119911349,56,1.9314320847023592,4,902,4.314542974852899,0.012301899849587688,0.5654846267694142,COMPLETE
62,0.28219238371928157,2026-04-20 11:13:29.722437,2026-04-20 11:13:40.054746,0 days 00:00:10.332309,0.8585395196165959,116,2.089551967541721,5,543,3.5838603787534944,0.12854592357604766,0.4575560101385041,COMPLETE
63,0.287427292451909,2026-04-20 11:13:40.054746,2026-04-20 11:13:49.879274,0 days 00:00:09.824528,0.7177628588601187,79,1.6229797380728894,5,947,5.008532895708439,0.24530129882852983,0.2517266677309556,COMPLETE
64,0.27759831641888055,2026-04-20 11:13:49.880273,2026-04-20 11:13:58.789937,0 days 00:00:08.909664,0.699102363640251,80,1.5841410543905912,4,972,2.3106774593441726,0.24178381163935375,0.2556134800355593,COMPLETE
65,0.2775060244931867,2026-04-20 11:13:58.789937,2026-04-20 11:14:14.256154,0 days 00:00:15.466217,0.6022693191180084,134,1.5105422802351258,7,1052,4.0239832269499445,0.1781757457783646,0.10985215953339561,COMPLETE
66,0.2844013272398611,2026-04-20 11:14:14.256154,2026-04-20 11:14:47.229066,0 days 00:00:32.972912,0.7360394060370914,68,1.8641854944812382,9,1113,4.928842319563888,0.23458549945096943,0.21689541001242857,COMPLETE
67,0.2828805076227756,2026-04-20 11:14:47.229066,2026-04-20 11:15:20.790472,0 days 00:00:33.561406,0.64922606558664,70,1.842303773358078,9,1100,4.870107722995574,0.2490358427229984,0.22047413933451376,COMPLETE
68,0.27754346070189273,2026-04-20 11:15:20.790472,2026-04-20 11:16:14.882015,0 days 00:00:54.091543,0.29719723135420173,41,3.6724082605327624,10,1169,6.391706927667428,0.2249635388330348,0.04430430706081523,COMPLETE
69,0.27802500310776745,2026-04-20 11:16:14.882015,2026-04-20 11:16:36.879877,0 days 00:00:21.997862,0.751735815367075,101,1.6349302184081087,8,1442,5.082022005681565,0.19679789923566005,0.3540296263796292,COMPLETE
70,0.27428343149155854,2026-04-20 11:16:36.879877,2026-04-20 11:16:54.617514,0 days 00:00:17.737637,0.7144873801536553,32,3.1555326380363296,8,1310,3.333588962781947,0.2691813180592478,0.28247511824434735,COMPLETE
71,0.2828097623571883,2026-04-20 11:16:54.617514,2026-04-20 11:17:10.420171,0 days 00:00:15.802657,0.7927738929243976,65,1.8090420989784404,4,933,4.6373456629179195,0.045491966849186945,0.4201462116852604,COMPLETE
72,0.2862302609623734,2026-04-20 11:17:10.420171,2026-04-20 11:17:43.009659,0 days 00:00:32.589488,0.7318203390981132,54,2.172664474638226,9,1010,2.9908102560402257,0.15390858742774294,0.13763595818343619,COMPLETE
73,0.28371105630976623,2026-04-20 11:17:43.009659,2026-04-20 11:18:14.875644,0 days 00:00:31.865985,0.5152066856593536,53,2.2594681591538595,9,1013,2.9870078500870667,0.14616308793202004,0.17834847882218008,COMPLETE
74,0.2752519290540029,2026-04-20 11:18:14.875644,2026-04-20 11:18:47.772343,0 days 00:00:32.896699,0.7282029034414595,87,2.470449153769593,9,1028,6.729531565738782,0.18162574160426287,0.06951331321992327,COMPLETE
75,0.2766023927854907,2026-04-20 11:18:47.772343,2026-04-20 11:19:41.017404,0 days 00:00:53.245061,0.6826557818817549,57,2.175661582051741,10,1229,2.0076604734807173,0.23933538524951095,0.6867812191013157,COMPLETE
76,0.28387993711579923,2026-04-20 11:19:41.017404,2026-04-20 11:20:13.459339,0 days 00:00:32.441935,0.6176983036000272,77,2.0524786538490787,9,1126,5.980401650906843,0.27391245089266775,0.10748392910855192,COMPLETE
77,0.276898161820826,2026-04-20 11:20:13.459339,2026-04-20 11:20:49.003071,0 days 00:00:35.543732,0.7608942777733385,72,4.348781656476422,8,694,3.696737645747893,0.031155942409395454,0.14406941368151008,COMPLETE
78,0.27765480123375214,2026-04-20 11:20:49.003071,2026-04-20 11:21:42.873550,0 days 00:00:53.870479,0.5802100937901575,41,1.917200150818965,10,961,4.2759256463084325,0.2043029007896834,0.3086440314185571,COMPLETE
79,0.2782768452217437,2026-04-20 11:21:42.873550,2026-04-20 11:21:57.597370,0 days 00:00:14.723820,0.8279732193365019,50,1.7320100122991486,7,887,2.4923072238104513,0.15709208323318036,0.21000151870468872,COMPLETE
80,0.2777041573044192,2026-04-20 11:21:57.597370,2026-04-20 11:22:07.354079,0 days 00:00:09.756709,0.7064364975887633,66,2.698590233976169,6,651,3.484312602064775,0.03528653635814283,0.5169061979530816,COMPLETE
81,0.2813198878108631,2026-04-20 11:22:07.354079,2026-04-20 11:22:18.159081,0 days 00:00:10.805002,0.7846608190199083,61,2.375812431623511,5,951,5.232563013082569,0.10976938528055875,0.396904525225467,COMPLETE
82,0.2835606773135078,2026-04-20 11:22:18.159081,2026-04-20 11:22:29.809604,0 days 00:00:11.650523,0.8508778928048861,81,2.1359165254442796,4,1047,9.589249675993036,0.12287876255508313,0.45836382189042607,COMPLETE
83,0.2779267905365087,2026-04-20 11:22:29.809604,2026-04-20 11:23:17.505631,0 days 00:00:47.696027,0.9238669425376382,219,2.0166449114454426,9,1105,3.1638600123149327,0.08919680095677722,0.7326877425439454,COMPLETE
84,0.28079845670825476,2026-04-20 11:23:17.505631,2026-04-20 11:23:27.959963,0 days 00:00:10.454332,0.8087600256360576,98,2.23272578870869,5,1002,4.49601906657548,0.22813106352395984,1.6516490067295546,COMPLETE
85,0.2850973149936885,2026-04-20 11:23:27.959963,2026-04-20 11:23:39.390559,0 days 00:00:11.430596,0.6620579799688077,87,1.8559749476658267,4,917,2.812054534359314,0.1404055575231635,0.8301197975069133,COMPLETE
86,0.28750419696284535,2026-04-20 11:23:39.390559,2026-04-20 11:23:50.897346,0 days 00:00:11.506787,0.6631395791654776,89,1.882861682094068,4,837,2.873976369450766,0.13838385619355262,0.6194749002345661,COMPLETE
87,0.2820102562583354,2026-04-20 11:23:50.897346,2026-04-20 11:24:01.229535,0 days 00:00:10.332189,0.659895655938659,91,1.8841547930915308,4,916,1.472047056287095,0.13842968798838773,0.8708553866459153,COMPLETE
88,0.28779621938355027,2026-04-20 11:24:01.229535,2026-04-20 11:24:13.273785,0 days 00:00:12.044250,0.7414866180395753,85,1.6581460389959806,4,835,2.0958288785453036,0.10116341691353874,0.9716148058156788,COMPLETE
89,0.27681229764961435,2026-04-20 11:24:13.273785,2026-04-20 11:24:25.560842,0 days 00:00:12.287057,0.7436024838866985,105,1.6065590885565082,4,743,2.035722995370538,0.09553871440487308,1.0642375076926378,COMPLETE
90,0.28193153983270436,2026-04-20 11:24:25.560842,2026-04-20 11:24:37.505924,0 days 00:00:11.945082,0.5353069952591275,87,1.6878020442825739,4,830,1.3714058726200906,0.07605314885229385,0.8348835986302336,COMPLETE
91,0.2849597987706023,2026-04-20 11:24:37.506451,2026-04-20 11:24:48.543696,0 days 00:00:11.037245,0.6723862655162354,76,1.7791160664816383,4,861,2.8239350087808273,0.1304883221259851,1.029923112100079,COMPLETE
92,0.28328409722082454,2026-04-20 11:24:48.543696,2026-04-20 11:25:00.505763,0 days 00:00:11.962067,0.6314707498549628,77,1.7951243032060438,4,857,2.7729427259938166,0.1175728754106931,0.9567402768470868,COMPLETE
93,0.282143782473377,2026-04-20 11:25:00.505763,2026-04-20 11:25:11.200061,0 days 00:00:10.694298,0.6721020680185754,69,1.5151766593605054,4,802,2.183071566245936,0.1022445618571655,1.006861767277345,COMPLETE
94,0.2837816820284643,2026-04-20 11:25:11.200061,2026-04-20 11:25:21.642493,0 days 00:00:10.442432,0.7267951608365764,75,1.857372918263526,4,792,2.574658079296901,0.1691117966500261,1.073845217114651,COMPLETE
95,0.2856835063952478,2026-04-20 11:25:21.642493,2026-04-20 11:25:32.066440,0 days 00:00:10.423947,0.7646895477366007,84,1.9834312453854408,4,897,3.0906575592960337,0.13163171349471114,0.908252657570052,COMPLETE
96,0.28250787073026246,2026-04-20 11:25:32.066440,2026-04-20 11:25:42.813708,0 days 00:00:10.747268,0.7763851326614786,111,1.961271427505602,4,892,2.9653970282964113,0.13179686711555394,0.9408941359339995,COMPLETE
97,0.2870618771691321,2026-04-20 11:25:42.813708,2026-04-20 11:25:55.006639,0 days 00:00:12.192931,0.6879280569496132,95,1.749236942641122,4,853,1.7989178442609384,0.15375196471630898,1.2413009748846626,COMPLETE
98,0.2788147668407936,2026-04-20 11:25:55.006639,2026-04-20 11:26:06.696199,0 days 00:00:11.689560,0.5981553569438065,95,1.6757285448225452,4,849,1.8379376461954735,0.11641943613439155,1.2446781352727574,COMPLETE
99,0.28601288429938965,2026-04-20 11:26:06.696199,2026-04-20 11:26:17.417921,0 days 00:00:10.721722,0.6468347912626987,83,1.5846657554562116,4,929,2.342077578363565,0.14872345857801975,1.4896824348147895,COMPLETE
